# JRE version: Java(TM) SE Runtime Environment (20.0+36) (build 20+36-2344)
# Java VM: Java HotSpot(TM) 64-Bit Server VM (20+36-2344, mixed mode, emulated-client, sharing, tiered, compressed oops, compressed class ptrs, g1 gc, windows-amd64)
GC Precious Log:
 CardTable entry size: 512
 Card Set container configuration: InlinePtr #cards 5 size 8 Array Of Cards #cards 12 size 40 Howl #buckets 4 coarsen threshold 1843 Howl Bitmap #cards 512 size 80 coarsen threshold 460 Card regions per heap region 1 cards per card region 2048
 CPUs: 4 total, 4 available
 Memory: 7955M
 Large Page Support: Disabled
 NUMA Support: Disabled
 Compressed Oops: Enabled (32-bit)
 Heap Region Size: 1M
 Heap Min Capacity: 8M
 Heap Initial Capacity: 126M
 Heap Max Capacity: 1990M
 Pre-touch: Disabled
 Parallel Workers: 4
 Concurrent Workers: 1
 Concurrent Refinement Workers: 4
 Periodic GC: Disabled
Heap:
 garbage-first heap   total 48128K, used 26577K [0x0000000083a00000, 0x0000000100000000)
  region size 1024K, 6 young (6144K), 3 survivors (3072K)
 Metaspace       used 54037K, committed 54656K, reserved 1114112K
  class space    used 7576K, committed 7872K, reserved 1048576K
GC Heap History (20 events):
Event: 6.622 GC heap before
{Heap before GC invocations=2 (full 0):
 garbage-first heap   total 129024K, used 41535K [0x0000000083a00000, 0x0000000100000000)
  region size 1024K, 36 young (36864K), 2 survivors (2048K)
 Metaspace       used 16280K, committed 16576K, reserved 1114112K
  class space    used 2106K, committed 2240K, reserved 1048576K
}
Event: 6.627 GC heap after
{Heap after GC invocations=3 (full 0):
 garbage-first heap   total 129024K, used 10263K [0x0000000083a00000, 0x0000000100000000)
  region size 1024K, 4 young (4096K), 4 survivors (4096K)
 Metaspace       used 16280K, committed 16576K, reserved 1114112K
  class space    used 2106K, committed 2240K, reserved 1048576K
}
Event: 8.934 GC heap before
{Heap before GC invocations=3 (full 0):
 garbage-first heap   total 129024K, used 43031K [0x0000000083a00000, 0x0000000100000000)
  region size 1024K, 38 young (38912K), 4 survivors (4096K)
 Metaspace       used 20545K, committed 20864K, reserved 1114112K
  class space    used 2699K, committed 2816K, reserved 1048576K
}
Event: 8.944 GC heap after
{Heap after GC invocations=4 (full 0):
 garbage-first heap   total 129024K, used 12429K [0x0000000083a00000, 0x0000000100000000)
  region size 1024K, 6 young (6144K), 6 survivors (6144K)
 Metaspace       used 20545K, committed 20864K, reserved 1114112K
  class space    used 2699K, committed 2816K, reserved 1048576K
}
Event: 12.202 GC heap before
{Heap before GC invocations=5 (full 0):
 garbage-first heap   total 48128K, used 34957K [0x0000000083a00000, 0x0000000100000000)
  region size 1024K, 28 young (28672K), 6 survivors (6144K)
 Metaspace       used 23646K, committed 24128K, reserved 1114112K
  class space    used 3200K, committed 3392K, reserved 1048576K
}
Event: 12.211 GC heap after
{Heap after GC invocations=6 (full 0):
 garbage-first heap   total 48128K, used 15017K [0x0000000083a00000, 0x0000000100000000)
  region size 1024K, 3 young (3072K), 3 survivors (3072K)
 Metaspace       used 23646K, committed 24128K, reserved 1114112K
  class space    used 3200K, committed 3392K, reserved 1048576K
}
Event: 15.088 GC heap before
{Heap before GC invocations=6 (full 0):
 garbage-first heap   total 48128K, used 36521K [0x0000000083a00000, 0x0000000100000000)
  region size 1024K, 25 young (25600K), 3 survivors (3072K)
 Metaspace       used 27532K, committed 28096K, reserved 1114112K
  class space    used 3717K, committed 3968K, reserved 1048576K
}
Event: 15.093 GC heap after
{Heap after GC invocations=7 (full 0):
 garbage-first heap   total 48128K, used 17200K [0x0000000083a00000, 0x0000000100000000)
  region size 1024K, 4 young (4096K), 4 survivors (4096K)
 Metaspace       used 27532K, committed 28096K, reserved 1114112K
  class space    used 3717K, committed 3968K, reserved 1048576K
}
Event: 17.983 GC heap before
{Heap before GC invocations=7 (full 0):
 garbage-first heap   total 48128K, used 37680K [0x0000000083a00000, 0x0000000100000000)
  region size 1024K, 25 young (25600K), 4 survivors (4096K)
 Metaspace       used 31919K, committed 32448K, reserved 1114112K
  class space    used 4346K, committed 4608K, reserved 1048576K
}
Event: 17.989 GC heap after
{Heap after GC invocations=8 (full 0):
 garbage-first heap   total 48128K, used 18701K [0x0000000083a00000, 0x0000000100000000)
  region size 1024K, 2 young (2048K), 2 survivors (2048K)
 Metaspace       used 31919K, committed 32448K, reserved 1114112K
  class space    used 4346K, committed 4608K, reserved 1048576K
}
Event: 18.432 GC heap before
{Heap before GC invocations=8 (full 0):
 garbage-first heap   total 48128K, used 26893K [0x0000000083a00000, 0x0000000100000000)
  region size 1024K, 11 young (11264K), 2 survivors (2048K)
 Metaspace       used 34283K, committed 34816K, reserved 1114112K
  class space    used 4733K, committed 4992K, reserved 1048576K
}
Event: 18.434 GC heap after
{Heap after GC invocations=9 (full 0):
 garbage-first heap   total 48128K, used 19046K [0x0000000083a00000, 0x0000000100000000)
  region size 1024K, 2 young (2048K), 2 survivors (2048K)
 Metaspace       used 34283K, committed 34816K, reserved 1114112K
  class space    used 4733K, committed 4992K, reserved 1048576K
}
Event: 19.332 GC heap before
{Heap before GC invocations=10 (full 0):
 garbage-first heap   total 48128K, used 40550K [0x0000000083a00000, 0x0000000100000000)
  region size 1024K, 23 young (23552K), 2 survivors (2048K)
 Metaspace       used 40403K, committed 41088K, reserved 1114112K
  class space    used 5516K, committed 5824K, reserved 1048576K
}
Event: 19.337 GC heap after
{Heap after GC invocations=11 (full 0):
 garbage-first heap   total 48128K, used 21424K [0x0000000083a00000, 0x0000000100000000)
  region size 1024K, 3 young (3072K), 3 survivors (3072K)
 Metaspace       used 40403K, committed 41088K, reserved 1114112K
  class space    used 5516K, committed 5824K, reserved 1048576K
}
Event: 20.217 GC heap before
{Heap before GC invocations=11 (full 0):
 garbage-first heap   total 48128K, used 40880K [0x0000000083a00000, 0x0000000100000000)
  region size 1024K, 22 young (22528K), 3 survivors (3072K)
 Metaspace       used 46942K, committed 47552K, reserved 1114112K
  class space    used 6540K, committed 6848K, reserved 1048576K
}
Event: 20.222 GC heap after
{Heap after GC invocations=12 (full 0):
 garbage-first heap   total 48128K, used 21967K [0x0000000083a00000, 0x0000000100000000)
  region size 1024K, 2 young (2048K), 2 survivors (2048K)
 Metaspace       used 46942K, committed 47552K, reserved 1114112K
  class space    used 6540K, committed 6848K, reserved 1048576K
}
Event: 20.930 GC heap before
{Heap before GC invocations=12 (full 0):
 garbage-first heap   total 48128K, used 40399K [0x0000000083a00000, 0x0000000100000000)
  region size 1024K, 20 young (20480K), 2 survivors (2048K)
 Metaspace       used 51315K, committed 51968K, reserved 1114112K
  class space    used 7177K, committed 7488K, reserved 1048576K
}
Event: 20.936 GC heap after
{Heap after GC invocations=13 (full 0):
 garbage-first heap   total 48128K, used 23035K [0x0000000083a00000, 0x0000000100000000)
  region size 1024K, 3 young (3072K), 3 survivors (3072K)
 Metaspace       used 51315K, committed 51968K, reserved 1114112K
  class space    used 7177K, committed 7488K, reserved 1048576K
}
Event: 21.422 GC heap before
{Heap before GC invocations=13 (full 0):
 garbage-first heap   total 48128K, used 39419K [0x0000000083a00000, 0x0000000100000000)
  region size 1024K, 20 young (20480K), 3 survivors (3072K)
 Metaspace       used 53774K, committed 54400K, reserved 1114112K
  class space    used 7532K, committed 7808K, reserved 1048576K
}
Event: 21.426 GC heap after
{Heap after GC invocations=14 (full 0):
 garbage-first heap   total 48128K, used 24529K [0x0000000083a00000, 0x0000000100000000)
  region size 1024K, 3 young (3072K), 3 survivors (3072K)
 Metaspace       used 53774K, committed 54400K, reserved 1114112K
  class space    used 7532K, committed 7808K, reserved 1048576K
}

